<?xml version="1.0" encoding="UTF-8"?>
<testng-results total="1" passed="1" failed="0" skipped="0">
  <reporter-output>
    <line>
      <![CDATA[Brower Open]]>
    </line>
    <line>
      <![CDATA[User login]]>
    </line>
    <line>
      <![CDATA[User loged in]]>
    </line>
    <line>
      <![CDATA[New Address Added]]>
    </line>
    <line>
      <![CDATA[Selection of Product]]>
    </line>
    <line>
      <![CDATA[Selection of Product1]]>
    </line>
    <line>
      <![CDATA[Selection of Product2]]>
    </line>
    <line>
      <![CDATA[Selection of Product3]]>
    </line>
    <line>
      <![CDATA[priced Verified]]>
    </line>
    <line>
      <![CDATA[Summary Screen]]>
    </line>
    <line>
      <![CDATA[Signin Screen]]>
    </line>
    <line>
      <![CDATA[Address validation]]>
    </line>
    <line>
      <![CDATA[Final Confirmation]]>
    </line>
  </reporter-output>
  <suite started-at="2020-10-21T20:10:12Z" name="Default suite" finished-at="2020-10-21T20:13:50Z" duration-ms="217681">
    <groups>
    </groups>
    <test started-at="2020-10-21T20:10:12Z" name="Default test" finished-at="2020-10-21T20:13:50Z" duration-ms="217681">
      <class name="seleniumTest.test">
        <test-method is-config="true" signature="bclass()[pri:0, instance:seleniumTest.test@14008db3]" started-at="2020-10-22T01:40:12Z" name="bclass" finished-at="2020-10-22T01:40:18Z" duration-ms="5592" status="PASS">
          <reporter-output>
          </reporter-output>
        </test-method> <!-- bclass -->
        <test-method signature="t1(java.lang.String, java.lang.String, java.lang.String, java.lang.String, java.lang.String, java.lang.String, java.lang.String, java.lang.String, java.lang.String, java.lang.String, java.lang.String)[pri:0, instance:seleniumTest.test@14008db3]" started-at="2020-10-22T01:40:18Z" name="t1" data-provider="DP1" finished-at="2020-10-22T01:43:50Z" duration-ms="211491" status="PASS">
          <params>
            <param index="0">
              <value>
                <![CDATA[mohatestr@test.com]]>
              </value>
            </param>
            <param index="1">
              <value>
                <![CDATA[testing]]>
              </value>
            </param>
            <param index="2">
              <value>
                <![CDATA[New Street]]>
              </value>
            </param>
            <param index="3">
              <value>
                <![CDATA[Street 100]]>
              </value>
            </param>
            <param index="4">
              <value>
                <![CDATA[chicago]]>
              </value>
            </param>
            <param index="5">
              <value>
                <![CDATA[60631]]>
              </value>
            </param>
            <param index="6">
              <value>
                <![CDATA[303685245]]>
              </value>
            </param>
            <param index="7">
              <value>
                <![CDATA[8965412307]]>
              </value>
            </param>
            <param index="8">
              <value>
                <![CDATA[This is office address of IL]]>
              </value>
            </param>
            <param index="9">
              <value>
                <![CDATA[Office Address]]>
              </value>
            </param>
            <param index="10">
              <value>
                <![CDATA[Illinois]]>
              </value>
            </param>
          </params>
          <reporter-output>
            <line>
              <![CDATA[Brower Open]]>
            </line>
            <line>
              <![CDATA[User login]]>
            </line>
            <line>
              <![CDATA[User loged in]]>
            </line>
            <line>
              <![CDATA[New Address Added]]>
            </line>
            <line>
              <![CDATA[Selection of Product]]>
            </line>
            <line>
              <![CDATA[Selection of Product1]]>
            </line>
            <line>
              <![CDATA[Selection of Product2]]>
            </line>
            <line>
              <![CDATA[Selection of Product3]]>
            </line>
            <line>
              <![CDATA[priced Verified]]>
            </line>
            <line>
              <![CDATA[Summary Screen]]>
            </line>
            <line>
              <![CDATA[Signin Screen]]>
            </line>
            <line>
              <![CDATA[Address validation]]>
            </line>
            <line>
              <![CDATA[Final Confirmation]]>
            </line>
          </reporter-output>
        </test-method> <!-- t1 -->
        <test-method is-config="true" signature="createData1()[pri:0, instance:seleniumTest.test@14008db3]" started-at="2020-10-22T01:43:50Z" name="createData1" finished-at="2020-10-22T01:43:50Z" duration-ms="23" status="PASS">
          <reporter-output>
          </reporter-output>
        </test-method> <!-- createData1 -->
      </class> <!-- seleniumTest.test -->
    </test> <!-- Default test -->
  </suite> <!-- Default suite -->
</testng-results>
